2024-12-14 01:09:56 INFO  Utils:112 - [TestNG] Running:
  E:\PracticeProjectsFolder\ArriveAutomation\Arrive_ScheduleATour_Automation\testng.xml

2024-12-14 01:10:11 INFO  TS_013_VerifyworkingofTimerSlidingFormfunctionality:16 - ***** Test has been started *****
2024-12-14 01:10:17 INFO  TS_013_VerifyworkingofTimerSlidingFormfunctionality:25 - ***** Clicked on Sign Up *****
2024-12-14 01:10:18 INFO  TS_013_VerifyworkingofTimerSlidingFormfunctionality:29 - ***** Validation Done *****
2024-12-14 01:10:21 INFO  TS_013_VerifyworkingofTimerSlidingFormfunctionality:41 - ***** Test has been completed *****
2024-12-14 01:10:21 INFO  TS_013_VerifyworkingofTimerSlidingFormfunctionality:50 - ***** Test has been started *****
2024-12-14 01:10:31 INFO  TS_013_VerifyworkingofTimerSlidingFormfunctionality:59 - ***** Clicked on Sign Up *****
2024-12-14 01:10:33 INFO  TS_013_VerifyworkingofTimerSlidingFormfunctionality:63 - ***** Validation Done *****
2024-12-14 01:10:37 INFO  TS_013_VerifyworkingofTimerSlidingFormfunctionality:75 - ***** Test has been completed *****
2024-12-14 01:10:37 INFO  TS_013_VerifyworkingofTimerSlidingFormfunctionality:84 - ***** Test has been started *****
2024-12-14 01:10:46 INFO  TS_013_VerifyworkingofTimerSlidingFormfunctionality:93 - ***** Clicked on Sign Up *****
2024-12-14 01:10:49 INFO  TS_013_VerifyworkingofTimerSlidingFormfunctionality:97 - ***** Validation Done *****
2024-12-14 01:10:52 INFO  TS_013_VerifyworkingofTimerSlidingFormfunctionality:109 - ***** Test has been completed *****
2024-12-14 01:10:52 INFO  TS_013_VerifyworkingofTimerSlidingFormfunctionality:118 - ***** Test has been started *****
2024-12-14 01:11:02 INFO  TS_013_VerifyworkingofTimerSlidingFormfunctionality:127 - ***** Clicked on Sign Up *****
2024-12-14 01:11:05 INFO  TS_013_VerifyworkingofTimerSlidingFormfunctionality:131 - ***** Validation Done *****
2024-12-14 01:11:11 INFO  TS_013_VerifyworkingofTimerSlidingFormfunctionality:143 - ***** Test has been completed *****
2024-12-14 01:11:11 INFO  TS_013_VerifyworkingofTimerSlidingFormfunctionality:152 - ***** Test has been started *****
2024-12-14 01:11:20 INFO  TS_013_VerifyworkingofTimerSlidingFormfunctionality:161 - ***** Clicked on Sign Up *****
2024-12-14 01:11:30 INFO  TS_013_VerifyworkingofTimerSlidingFormfunctionality:176 - ***** Test has been completed *****
2024-12-14 01:20:23 INFO  Utils:112 - [TestNG] Running:
  E:\PracticeProjectsFolder\ArriveAutomation\Arrive_ScheduleATour_Automation\testng.xml

2024-12-14 01:20:38 INFO  TS_013_VerifyworkingofTimerSlidingFormfunctionality:16 - ***** Test has been started *****
2024-12-14 01:20:43 INFO  TS_013_VerifyworkingofTimerSlidingFormfunctionality:25 - ***** Clicked on Sign Up *****
2024-12-14 01:20:45 INFO  TS_013_VerifyworkingofTimerSlidingFormfunctionality:29 - ***** Validation Done *****
2024-12-14 01:20:49 INFO  TS_013_VerifyworkingofTimerSlidingFormfunctionality:41 - ***** Test has been completed *****
2024-12-14 01:20:49 INFO  TS_013_VerifyworkingofTimerSlidingFormfunctionality:50 - ***** Test has been started *****
2024-12-14 01:20:59 INFO  TS_013_VerifyworkingofTimerSlidingFormfunctionality:60 - ***** Clicked on Sign Up *****
2024-12-14 01:21:02 INFO  TS_013_VerifyworkingofTimerSlidingFormfunctionality:64 - ***** Validation Done *****
2024-12-14 01:21:05 INFO  TS_013_VerifyworkingofTimerSlidingFormfunctionality:76 - ***** Test has been completed *****
2024-12-14 01:21:05 INFO  TS_013_VerifyworkingofTimerSlidingFormfunctionality:85 - ***** Test has been started *****
2024-12-14 01:21:15 INFO  TS_013_VerifyworkingofTimerSlidingFormfunctionality:95 - ***** Clicked on Sign Up *****
2024-12-14 01:21:18 INFO  TS_013_VerifyworkingofTimerSlidingFormfunctionality:99 - ***** Validation Done *****
2024-12-14 01:21:22 INFO  TS_013_VerifyworkingofTimerSlidingFormfunctionality:111 - ***** Test has been completed *****
2024-12-14 01:21:22 INFO  TS_013_VerifyworkingofTimerSlidingFormfunctionality:120 - ***** Test has been started *****
2024-12-14 01:21:32 INFO  TS_013_VerifyworkingofTimerSlidingFormfunctionality:130 - ***** Clicked on Sign Up *****
2024-12-14 01:21:34 INFO  TS_013_VerifyworkingofTimerSlidingFormfunctionality:134 - ***** Validation Done *****
2024-12-14 01:21:39 INFO  TS_013_VerifyworkingofTimerSlidingFormfunctionality:146 - ***** Test has been completed *****
2024-12-14 01:21:39 INFO  TS_013_VerifyworkingofTimerSlidingFormfunctionality:155 - ***** Test has been started *****
2024-12-14 01:21:49 INFO  TS_013_VerifyworkingofTimerSlidingFormfunctionality:165 - ***** Clicked on Sign Up *****
2024-12-14 01:21:59 INFO  TS_013_VerifyworkingofTimerSlidingFormfunctionality:180 - ***** Test has been completed *****
2024-12-14 01:25:42 INFO  Utils:112 - [TestNG] Running:
  E:\PracticeProjectsFolder\ArriveAutomation\Arrive_ScheduleATour_Automation\testng.xml

2024-12-14 01:25:56 INFO  TS_013_VerifyworkingofTimerSlidingFormfunctionality:16 - ***** Test has been started *****
2024-12-14 01:26:00 INFO  TS_013_VerifyworkingofTimerSlidingFormfunctionality:25 - ***** Clicked on Sign Up *****
2024-12-14 01:26:03 INFO  TS_013_VerifyworkingofTimerSlidingFormfunctionality:29 - ***** Validation Done *****
2024-12-14 01:26:06 INFO  TS_013_VerifyworkingofTimerSlidingFormfunctionality:41 - ***** Test has been completed *****
2024-12-14 01:26:06 INFO  TS_013_VerifyworkingofTimerSlidingFormfunctionality:50 - ***** Test has been started *****
2024-12-14 01:26:17 INFO  TS_013_VerifyworkingofTimerSlidingFormfunctionality:60 - ***** Clicked on Sign Up *****
2024-12-14 01:26:19 INFO  TS_013_VerifyworkingofTimerSlidingFormfunctionality:64 - ***** Validation Done *****
2024-12-14 01:26:23 INFO  TS_013_VerifyworkingofTimerSlidingFormfunctionality:76 - ***** Test has been completed *****
2024-12-14 01:26:23 INFO  TS_013_VerifyworkingofTimerSlidingFormfunctionality:85 - ***** Test has been started *****
2024-12-14 01:26:33 INFO  TS_013_VerifyworkingofTimerSlidingFormfunctionality:95 - ***** Clicked on Sign Up *****
2024-12-14 01:26:36 INFO  TS_013_VerifyworkingofTimerSlidingFormfunctionality:99 - ***** Validation Done *****
2024-12-14 01:26:39 INFO  TS_013_VerifyworkingofTimerSlidingFormfunctionality:111 - ***** Test has been completed *****
2024-12-14 01:26:39 INFO  TS_013_VerifyworkingofTimerSlidingFormfunctionality:120 - ***** Test has been started *****
2024-12-14 01:26:49 INFO  TS_013_VerifyworkingofTimerSlidingFormfunctionality:130 - ***** Clicked on Sign Up *****
2024-12-14 01:26:52 INFO  TS_013_VerifyworkingofTimerSlidingFormfunctionality:134 - ***** Validation Done *****
2024-12-14 01:26:56 INFO  TS_013_VerifyworkingofTimerSlidingFormfunctionality:146 - ***** Test has been completed *****
2024-12-14 01:26:56 INFO  TS_013_VerifyworkingofTimerSlidingFormfunctionality:155 - ***** Test has been started *****
2024-12-14 01:27:05 INFO  TS_013_VerifyworkingofTimerSlidingFormfunctionality:165 - ***** Clicked on Sign Up *****
2024-12-14 01:27:16 INFO  TS_013_VerifyworkingofTimerSlidingFormfunctionality:180 - ***** Test has been completed *****
2024-12-14 01:31:26 INFO  Utils:112 - [TestNG] Running:
  E:\PracticeProjectsFolder\ArriveAutomation\Arrive_ScheduleATour_Automation\testng.xml

2024-12-14 01:31:43 INFO  TS_013_VerifyworkingofTimerSlidingFormfunctionality:16 - ***** Test has been started *****
2024-12-14 01:31:47 INFO  TS_013_VerifyworkingofTimerSlidingFormfunctionality:25 - ***** Clicked on Sign Up *****
2024-12-14 01:31:50 INFO  TS_013_VerifyworkingofTimerSlidingFormfunctionality:29 - ***** Validation Done *****
2024-12-14 01:31:54 INFO  TS_013_VerifyworkingofTimerSlidingFormfunctionality:41 - ***** Test has been completed *****
2024-12-14 01:31:54 INFO  TS_013_VerifyworkingofTimerSlidingFormfunctionality:50 - ***** Test has been started *****
2024-12-14 01:32:04 INFO  TS_013_VerifyworkingofTimerSlidingFormfunctionality:60 - ***** Clicked on Sign Up *****
2024-12-14 01:32:07 INFO  TS_013_VerifyworkingofTimerSlidingFormfunctionality:64 - ***** Validation Done *****
2024-12-14 01:32:10 INFO  TS_013_VerifyworkingofTimerSlidingFormfunctionality:76 - ***** Test has been completed *****
2024-12-14 01:32:10 INFO  TS_013_VerifyworkingofTimerSlidingFormfunctionality:85 - ***** Test has been started *****
2024-12-14 01:32:20 INFO  TS_013_VerifyworkingofTimerSlidingFormfunctionality:95 - ***** Clicked on Sign Up *****
2024-12-14 01:32:22 INFO  TS_013_VerifyworkingofTimerSlidingFormfunctionality:111 - ***** Test has been completed *****
2024-12-14 01:32:22 INFO  TS_013_VerifyworkingofTimerSlidingFormfunctionality:120 - ***** Test has been started *****
2024-12-14 01:32:22 ERROR TS_013_VerifyworkingofTimerSlidingFormfunctionality:141 - Test failed: no such window: target window already closed
from unknown error: web view not found
  (Session info: chrome=131.0.6778.140)
Build info: version: '4.20.0', revision: '866c76ca80'
System info: os.name: 'Windows 10', os.arch: 'amd64', os.version: '10.0', java.version: '23.0.1'
Driver info: org.openqa.selenium.chrome.ChromeDriver
Command: [066a07d32e17c881b85800d4aeb34f70, findElement {using=xpath, value=//input[@id='input_5_3_3']}]
Capabilities {acceptInsecureCerts: false, browserName: chrome, browserVersion: 131.0.6778.140, chrome: {chromedriverVersion: 131.0.6778.108 (3b014839fbc..., userDataDir: C:\Users\asus\AppData\Local...}, fedcm:accounts: true, goog:chromeOptions: {debuggerAddress: localhost:62542}, networkConnectionEnabled: false, pageLoadStrategy: normal, platformName: windows, proxy: Proxy(), se:cdp: ws://localhost:62542/devtoo..., se:cdpVersion: 131.0.6778.140, setWindowRect: true, strictFileInteractability: false, timeouts: {implicit: 0, pageLoad: 300000, script: 30000}, unhandledPromptBehavior: dismiss and notify, webauthn:extension:credBlob: true, webauthn:extension:largeBlob: true, webauthn:extension:minPinLength: true, webauthn:extension:prf: true, webauthn:virtualAuthenticators: true}
Session ID: 066a07d32e17c881b85800d4aeb34f70
2024-12-14 01:32:22 INFO  TS_013_VerifyworkingofTimerSlidingFormfunctionality:146 - ***** Test has been completed *****
2024-12-14 01:32:22 INFO  TS_013_VerifyworkingofTimerSlidingFormfunctionality:155 - ***** Test has been started *****
2024-12-14 01:32:22 ERROR TS_013_VerifyworkingofTimerSlidingFormfunctionality:175 - Test failed: no such window: target window already closed
from unknown error: web view not found
  (Session info: chrome=131.0.6778.140)
Build info: version: '4.20.0', revision: '866c76ca80'
System info: os.name: 'Windows 10', os.arch: 'amd64', os.version: '10.0', java.version: '23.0.1'
Driver info: org.openqa.selenium.chrome.ChromeDriver
Command: [066a07d32e17c881b85800d4aeb34f70, findElement {using=xpath, value=//input[@id='input_5_3_3']}]
Capabilities {acceptInsecureCerts: false, browserName: chrome, browserVersion: 131.0.6778.140, chrome: {chromedriverVersion: 131.0.6778.108 (3b014839fbc..., userDataDir: C:\Users\asus\AppData\Local...}, fedcm:accounts: true, goog:chromeOptions: {debuggerAddress: localhost:62542}, networkConnectionEnabled: false, pageLoadStrategy: normal, platformName: windows, proxy: Proxy(), se:cdp: ws://localhost:62542/devtoo..., se:cdpVersion: 131.0.6778.140, setWindowRect: true, strictFileInteractability: false, timeouts: {implicit: 0, pageLoad: 300000, script: 30000}, unhandledPromptBehavior: dismiss and notify, webauthn:extension:credBlob: true, webauthn:extension:largeBlob: true, webauthn:extension:minPinLength: true, webauthn:extension:prf: true, webauthn:virtualAuthenticators: true}
Session ID: 066a07d32e17c881b85800d4aeb34f70
2024-12-14 01:32:22 INFO  TS_013_VerifyworkingofTimerSlidingFormfunctionality:180 - ***** Test has been completed *****
2024-12-14 01:35:55 INFO  Utils:112 - [TestNG] Running:
  E:\PracticeProjectsFolder\ArriveAutomation\Arrive_ScheduleATour_Automation\testng.xml

2024-12-14 01:36:10 INFO  TS_013_VerifyworkingofTimerSlidingFormfunctionality:16 - ***** Test has been started *****
2024-12-14 01:36:14 INFO  TS_013_VerifyworkingofTimerSlidingFormfunctionality:25 - ***** Clicked on Sign Up *****
2024-12-14 01:36:16 INFO  TS_013_VerifyworkingofTimerSlidingFormfunctionality:29 - ***** Validation Done *****
2024-12-14 01:36:20 INFO  TS_013_VerifyworkingofTimerSlidingFormfunctionality:41 - ***** Test has been completed *****
2024-12-14 01:36:20 INFO  TS_013_VerifyworkingofTimerSlidingFormfunctionality:50 - ***** Test has been started *****
2024-12-14 01:36:30 INFO  TS_013_VerifyworkingofTimerSlidingFormfunctionality:60 - ***** Clicked on Sign Up *****
2024-12-14 01:36:33 INFO  TS_013_VerifyworkingofTimerSlidingFormfunctionality:64 - ***** Validation Done *****
2024-12-14 01:36:40 INFO  TS_013_VerifyworkingofTimerSlidingFormfunctionality:76 - ***** Test has been completed *****
2024-12-14 01:36:40 INFO  TS_013_VerifyworkingofTimerSlidingFormfunctionality:85 - ***** Test has been started *****
2024-12-14 01:36:50 INFO  TS_013_VerifyworkingofTimerSlidingFormfunctionality:95 - ***** Clicked on Sign Up *****
2024-12-14 01:36:54 INFO  TS_013_VerifyworkingofTimerSlidingFormfunctionality:99 - ***** Validation Done *****
2024-12-14 01:36:58 INFO  TS_013_VerifyworkingofTimerSlidingFormfunctionality:111 - ***** Test has been completed *****
2024-12-14 01:36:58 INFO  TS_013_VerifyworkingofTimerSlidingFormfunctionality:120 - ***** Test has been started *****
2024-12-14 01:37:08 INFO  TS_013_VerifyworkingofTimerSlidingFormfunctionality:130 - ***** Clicked on Sign Up *****
2024-12-14 01:37:11 INFO  TS_013_VerifyworkingofTimerSlidingFormfunctionality:134 - ***** Validation Done *****
2024-12-14 01:37:15 INFO  TS_013_VerifyworkingofTimerSlidingFormfunctionality:146 - ***** Test has been completed *****
2024-12-14 01:37:15 INFO  TS_013_VerifyworkingofTimerSlidingFormfunctionality:155 - ***** Test has been started *****
2024-12-14 01:37:26 INFO  TS_013_VerifyworkingofTimerSlidingFormfunctionality:165 - ***** Clicked on Sign Up *****
2024-12-14 01:37:36 INFO  TS_013_VerifyworkingofTimerSlidingFormfunctionality:180 - ***** Test has been completed *****
